<?xml version="1.0" encoding="UTF-8"?>
<coverage generated="1565843939073" clover="3.2.0">
  <project timestamp="1565843939073" name="All files">
    <metrics statements="21" coveredstatements="13" conditionals="4" coveredconditionals="0" methods="5" coveredmethods="1" elements="30" coveredelements="14" complexity="0" loc="21" ncloc="21" packages="1" files="2" classes="2"/>
    <file name="app.js" path="/mnt/c/Users/mackoy/codefellows/401n13/labs/lab-18-Socket.io/app.js">
      <metrics statements="15" coveredstatements="10" conditionals="4" coveredconditionals="0" methods="3" coveredmethods="1"/>
      <line num="11" count="1" type="stmt"/>
      <line num="12" count="1" type="stmt"/>
      <line num="13" count="1" type="stmt"/>
      <line num="14" count="1" type="stmt"/>
      <line num="15" count="1" type="stmt"/>
      <line num="16" count="1" type="stmt"/>
      <line num="18" count="1" type="stmt"/>
      <line num="19" count="1" type="stmt"/>
      <line num="20" count="0" type="cond" truecount="0" falsecount="2"/>
      <line num="21" count="0" type="stmt"/>
      <line num="22" count="0" type="stmt"/>
      <line num="23" count="0" type="cond" truecount="0" falsecount="2"/>
      <line num="24" count="0" type="stmt"/>
      <line num="41" count="1" type="stmt"/>
      <line num="42" count="1" type="stmt"/>
    </file>
    <file name="logger.js" path="/mnt/c/Users/mackoy/codefellows/401n13/labs/lab-18-Socket.io/logger.js">
      <metrics statements="6" coveredstatements="3" conditionals="0" coveredconditionals="0" methods="2" coveredmethods="0"/>
      <line num="8" count="1" type="stmt"/>
      <line num="10" count="1" type="stmt"/>
      <line num="12" count="1" type="stmt"/>
      <line num="13" count="0" type="stmt"/>
      <line num="15" count="0" type="stmt"/>
      <line num="16" count="0" type="stmt"/>
    </file>
  </project>
</coverage>
