{"/mnt/c/Users/mackoy/codefellows/401n13/labs/lab-18-Socket.io/app.js": {"path":"/mnt/c/Users/mackoy/codefellows/401n13/labs/lab-18-Socket.io/app.js","statementMap":{"0":{"start":{"line":11,"column":11},"end":{"line":11,"column":38}},"1":{"start":{"line":12,"column":15},"end":{"line":12,"column":56}},"2":{"start":{"line":13,"column":11},"end":{"line":13,"column":24}},"3":{"start":{"line":14,"column":13},"end":{"line":14,"column":28}},"4":{"start":{"line":15,"column":17},"end":{"line":15,"column":44}},"5":{"start":{"line":16,"column":18},"end":{"line":16,"column":45}},"6":{"start":{"line":18,"column":18},"end":{"line":27,"column":1}},"7":{"start":{"line":19,"column":2},"end":{"line":26,"column":5}},"8":{"start":{"line":20,"column":4},"end":{"line":20,"column":26}},"9":{"start":{"line":20,"column":14},"end":{"line":20,"column":24}},"10":{"start":{"line":21,"column":15},"end":{"line":21,"column":44}},"11":{"start":{"line":22,"column":4},"end":{"line":25,"column":7}},"12":{"start":{"line":23,"column":6},"end":{"line":23,"column":28}},"13":{"start":{"line":23,"column":16},"end":{"line":23,"column":26}},"14":{"start":{"line":24,"column":6},"end":{"line":24,"column":35}},"15":{"start":{"line":41,"column":11},"end":{"line":41,"column":40}},"16":{"start":{"line":42,"column":0},"end":{"line":42,"column":16}}},"fnMap":{"0":{"name":"(anonymous_0)","decl":{"start":{"line":18,"column":18},"end":{"line":18,"column":19}},"loc":{"start":{"line":18,"column":28},"end":{"line":27,"column":1}},"line":18},"1":{"name":"(anonymous_1)","decl":{"start":{"line":19,"column":33},"end":{"line":19,"column":34}},"loc":{"start":{"line":19,"column":48},"end":{"line":26,"column":3}},"line":19},"2":{"name":"(anonymous_2)","decl":{"start":{"line":22,"column":55},"end":{"line":22,"column":56}},"loc":{"start":{"line":22,"column":70},"end":{"line":25,"column":5}},"line":22}},"branchMap":{"0":{"loc":{"start":{"line":20,"column":4},"end":{"line":20,"column":26}},"type":"if","locations":[{"start":{"line":20,"column":4},"end":{"line":20,"column":26}},{"start":{"line":20,"column":4},"end":{"line":20,"column":26}}],"line":20},"1":{"loc":{"start":{"line":23,"column":6},"end":{"line":23,"column":28}},"type":"if","locations":[{"start":{"line":23,"column":6},"end":{"line":23,"column":28}},{"start":{"line":23,"column":6},"end":{"line":23,"column":28}}],"line":23}},"s":{"0":1,"1":1,"2":1,"3":1,"4":1,"5":1,"6":1,"7":1,"8":0,"9":0,"10":0,"11":0,"12":0,"13":0,"14":0,"15":1,"16":1},"f":{"0":1,"1":0,"2":0},"b":{"0":[0,0],"1":[0,0]},"_coverageSchema":"43e27e138ebf9cfc5966b082cf9a028302ed4184","hash":"1be57d498f38c5edbadd5b028653df0ef772ca40"}
,"/mnt/c/Users/mackoy/codefellows/401n13/labs/lab-18-Socket.io/logger.js": {"path":"/mnt/c/Users/mackoy/codefellows/401n13/labs/lab-18-Socket.io/logger.js","statementMap":{"0":{"start":{"line":8,"column":11},"end":{"line":8,"column":38}},"1":{"start":{"line":10,"column":15},"end":{"line":10,"column":56}},"2":{"start":{"line":12,"column":0},"end":{"line":18,"column":3}},"3":{"start":{"line":13,"column":2},"end":{"line":13,"column":38}},"4":{"start":{"line":15,"column":0},"end":{"line":17,"column":2}},"5":{"start":{"line":16,"column":2},"end":{"line":16,"column":23}}},"fnMap":{"0":{"name":"(anonymous_0)","decl":{"start":{"line":12,"column":23},"end":{"line":12,"column":24}},"loc":{"start":{"line":12,"column":36},"end":{"line":18,"column":1}},"line":12},"1":{"name":"(anonymous_1)","decl":{"start":{"line":15,"column":24},"end":{"line":15,"column":25}},"loc":{"start":{"line":15,"column":37},"end":{"line":17,"column":1}},"line":15}},"branchMap":{},"s":{"0":1,"1":1,"2":1,"3":0,"4":0,"5":0},"f":{"0":0,"1":0},"b":{},"_coverageSchema":"43e27e138ebf9cfc5966b082cf9a028302ed4184","hash":"3083ba8da5ac57b3970b1cda9ce021f4b58ab054"}
}
