TN:
SF:/mnt/c/Users/mackoy/codefellows/401n13/labs/lab-18-Socket.io/app.js
FN:18,(anonymous_0)
FN:19,(anonymous_1)
FN:22,(anonymous_2)
FNF:3
FNH:1
FNDA:1,(anonymous_0)
FNDA:0,(anonymous_1)
FNDA:0,(anonymous_2)
DA:11,1
DA:12,1
DA:13,1
DA:14,1
DA:15,1
DA:16,1
DA:18,1
DA:19,1
DA:20,0
DA:21,0
DA:22,0
DA:23,0
DA:24,0
DA:41,1
DA:42,1
LF:15
LH:10
BRDA:20,0,0,0
BRDA:20,0,1,0
BRDA:23,1,0,0
BRDA:23,1,1,0
BRF:4
BRH:0
end_of_record
TN:
SF:/mnt/c/Users/mackoy/codefellows/401n13/labs/lab-18-Socket.io/logger.js
FN:12,(anonymous_0)
FN:15,(anonymous_1)
FNF:2
FNH:0
FNDA:0,(anonymous_0)
FNDA:0,(anonymous_1)
DA:8,1
DA:10,1
DA:12,1
DA:13,0
DA:15,0
DA:16,0
LF:6
LH:3
BRF:0
BRH:0
end_of_record
